0 info it worked if it ends with ok
1 verbose cli [ '/usr/local/opt/nvm/v0.10.32/bin/node',
1 verbose cli   '/usr/local/opt/nvm/v0.10.32/bin/npm',
1 verbose cli   'install' ]
2 info using npm@1.4.28
3 info using node@v0.10.32
4 verbose node symlink /usr/local/opt/nvm/v0.10.32/bin/node
5 warn package.json pusherapp@1.0.0 No repository field.
6 warn package.json pusherapp@1.0.0 No README data
7 verbose readDependencies using package.json deps
8 verbose install where, deps [ '/Users/jamiepatel/Desktop/projects/pusherApp',
8 verbose install   [ 'gulp',
8 verbose install     'gulp-sass',
8 verbose install     'gulp-concat',
8 verbose install     'gulp-minify-css',
8 verbose install     'gulp-rename',
8 verbose install     'pusher-angular',
8 verbose install     'bower',
8 verbose install     'gulp-util',
8 verbose install     'shelljs' ] ]
9 info preinstall pusherapp@1.0.0
10 verbose readDependencies using package.json deps
11 verbose cache add [ 'gulp@^3.5.6', null ]
12 verbose cache add name=undefined spec="gulp@^3.5.6" args=["gulp@^3.5.6",null]
13 verbose parsed url { protocol: null,
13 verbose parsed url   slashes: null,
13 verbose parsed url   auth: null,
13 verbose parsed url   host: null,
13 verbose parsed url   port: null,
13 verbose parsed url   hostname: null,
13 verbose parsed url   hash: null,
13 verbose parsed url   search: null,
13 verbose parsed url   query: null,
13 verbose parsed url   pathname: 'gulp@^3.5.6',
13 verbose parsed url   path: 'gulp@^3.5.6',
13 verbose parsed url   href: 'gulp@^3.5.6' }
14 verbose cache add [ 'gulp-sass@^0.7.1', null ]
15 verbose cache add name=undefined spec="gulp-sass@^0.7.1" args=["gulp-sass@^0.7.1",null]
16 verbose parsed url { protocol: null,
16 verbose parsed url   slashes: null,
16 verbose parsed url   auth: null,
16 verbose parsed url   host: null,
16 verbose parsed url   port: null,
16 verbose parsed url   hostname: null,
16 verbose parsed url   hash: null,
16 verbose parsed url   search: null,
16 verbose parsed url   query: null,
16 verbose parsed url   pathname: 'gulp-sass@^0.7.1',
16 verbose parsed url   path: 'gulp-sass@^0.7.1',
16 verbose parsed url   href: 'gulp-sass@^0.7.1' }
17 verbose cache add [ 'gulp-concat@^2.2.0', null ]
18 verbose cache add name=undefined spec="gulp-concat@^2.2.0" args=["gulp-concat@^2.2.0",null]
19 verbose parsed url { protocol: null,
19 verbose parsed url   slashes: null,
19 verbose parsed url   auth: null,
19 verbose parsed url   host: null,
19 verbose parsed url   port: null,
19 verbose parsed url   hostname: null,
19 verbose parsed url   hash: null,
19 verbose parsed url   search: null,
19 verbose parsed url   query: null,
19 verbose parsed url   pathname: 'gulp-concat@^2.2.0',
19 verbose parsed url   path: 'gulp-concat@^2.2.0',
19 verbose parsed url   href: 'gulp-concat@^2.2.0' }
20 verbose cache add [ 'gulp-minify-css@^0.3.0', null ]
21 verbose cache add name=undefined spec="gulp-minify-css@^0.3.0" args=["gulp-minify-css@^0.3.0",null]
22 verbose parsed url { protocol: null,
22 verbose parsed url   slashes: null,
22 verbose parsed url   auth: null,
22 verbose parsed url   host: null,
22 verbose parsed url   port: null,
22 verbose parsed url   hostname: null,
22 verbose parsed url   hash: null,
22 verbose parsed url   search: null,
22 verbose parsed url   query: null,
22 verbose parsed url   pathname: 'gulp-minify-css@^0.3.0',
22 verbose parsed url   path: 'gulp-minify-css@^0.3.0',
22 verbose parsed url   href: 'gulp-minify-css@^0.3.0' }
23 verbose cache add name="gulp" spec="^3.5.6" args=["gulp","^3.5.6"]
24 verbose parsed url { protocol: null,
24 verbose parsed url   slashes: null,
24 verbose parsed url   auth: null,
24 verbose parsed url   host: null,
24 verbose parsed url   port: null,
24 verbose parsed url   hostname: null,
24 verbose parsed url   hash: null,
24 verbose parsed url   search: null,
24 verbose parsed url   query: null,
24 verbose parsed url   pathname: '^3.5.6',
24 verbose parsed url   path: '^3.5.6',
24 verbose parsed url   href: '^3.5.6' }
25 verbose addNamed [ 'gulp', '^3.5.6' ]
26 verbose addNamed [ null, '>=3.5.6-0 <4.0.0-0' ]
27 verbose cache add name="gulp-sass" spec="^0.7.1" args=["gulp-sass","^0.7.1"]
28 verbose parsed url { protocol: null,
28 verbose parsed url   slashes: null,
28 verbose parsed url   auth: null,
28 verbose parsed url   host: null,
28 verbose parsed url   port: null,
28 verbose parsed url   hostname: null,
28 verbose parsed url   hash: null,
28 verbose parsed url   search: null,
28 verbose parsed url   query: null,
28 verbose parsed url   pathname: '^0.7.1',
28 verbose parsed url   path: '^0.7.1',
28 verbose parsed url   href: '^0.7.1' }
29 verbose addNamed [ 'gulp-sass', '^0.7.1' ]
30 verbose addNamed [ null, '>=0.7.1-0 <0.8.0-0' ]
31 verbose cache add name="gulp-concat" spec="^2.2.0" args=["gulp-concat","^2.2.0"]
32 verbose parsed url { protocol: null,
32 verbose parsed url   slashes: null,
32 verbose parsed url   auth: null,
32 verbose parsed url   host: null,
32 verbose parsed url   port: null,
32 verbose parsed url   hostname: null,
32 verbose parsed url   hash: null,
32 verbose parsed url   search: null,
32 verbose parsed url   query: null,
32 verbose parsed url   pathname: '^2.2.0',
32 verbose parsed url   path: '^2.2.0',
32 verbose parsed url   href: '^2.2.0' }
33 verbose addNamed [ 'gulp-concat', '^2.2.0' ]
34 verbose addNamed [ null, '>=2.2.0-0 <3.0.0-0' ]
35 verbose cache add [ 'gulp-rename@^1.2.0', null ]
36 verbose cache add name=undefined spec="gulp-rename@^1.2.0" args=["gulp-rename@^1.2.0",null]
37 verbose parsed url { protocol: null,
37 verbose parsed url   slashes: null,
37 verbose parsed url   auth: null,
37 verbose parsed url   host: null,
37 verbose parsed url   port: null,
37 verbose parsed url   hostname: null,
37 verbose parsed url   hash: null,
37 verbose parsed url   search: null,
37 verbose parsed url   query: null,
37 verbose parsed url   pathname: 'gulp-rename@^1.2.0',
37 verbose parsed url   path: 'gulp-rename@^1.2.0',
37 verbose parsed url   href: 'gulp-rename@^1.2.0' }
38 verbose cache add [ 'pusher-angular@latest', null ]
39 verbose cache add name=undefined spec="pusher-angular@latest" args=["pusher-angular@latest",null]
40 verbose parsed url { protocol: null,
40 verbose parsed url   slashes: null,
40 verbose parsed url   auth: null,
40 verbose parsed url   host: null,
40 verbose parsed url   port: null,
40 verbose parsed url   hostname: null,
40 verbose parsed url   hash: null,
40 verbose parsed url   search: null,
40 verbose parsed url   query: null,
40 verbose parsed url   pathname: 'pusher-angular@latest',
40 verbose parsed url   path: 'pusher-angular@latest',
40 verbose parsed url   href: 'pusher-angular@latest' }
41 verbose cache add [ 'bower@^1.3.3', null ]
42 verbose cache add name=undefined spec="bower@^1.3.3" args=["bower@^1.3.3",null]
43 verbose parsed url { protocol: null,
43 verbose parsed url   slashes: null,
43 verbose parsed url   auth: null,
43 verbose parsed url   host: null,
43 verbose parsed url   port: null,
43 verbose parsed url   hostname: null,
43 verbose parsed url   hash: null,
43 verbose parsed url   search: null,
43 verbose parsed url   query: null,
43 verbose parsed url   pathname: 'bower@^1.3.3',
43 verbose parsed url   path: 'bower@^1.3.3',
43 verbose parsed url   href: 'bower@^1.3.3' }
44 verbose cache add name="gulp-minify-css" spec="^0.3.0" args=["gulp-minify-css","^0.3.0"]
45 verbose parsed url { protocol: null,
45 verbose parsed url   slashes: null,
45 verbose parsed url   auth: null,
45 verbose parsed url   host: null,
45 verbose parsed url   port: null,
45 verbose parsed url   hostname: null,
45 verbose parsed url   hash: null,
45 verbose parsed url   search: null,
45 verbose parsed url   query: null,
45 verbose parsed url   pathname: '^0.3.0',
45 verbose parsed url   path: '^0.3.0',
45 verbose parsed url   href: '^0.3.0' }
46 verbose addNamed [ 'gulp-minify-css', '^0.3.0' ]
47 verbose addNamed [ null, '>=0.3.0-0 <0.4.0-0' ]
48 silly lockFile 28ac0b1b-gulp-3-5-6 gulp@^3.5.6
49 verbose lock gulp@^3.5.6 /Users/jamiepatel/.npm/28ac0b1b-gulp-3-5-6.lock
50 silly lockFile 77100620-gulp-sass-0-7-1 gulp-sass@^0.7.1
51 verbose lock gulp-sass@^0.7.1 /Users/jamiepatel/.npm/77100620-gulp-sass-0-7-1.lock
52 silly lockFile bade1119-gulp-concat-2-2-0 gulp-concat@^2.2.0
53 verbose lock gulp-concat@^2.2.0 /Users/jamiepatel/.npm/bade1119-gulp-concat-2-2-0.lock
54 silly lockFile 97140670-gulp-minify-css-0-3-0 gulp-minify-css@^0.3.0
55 verbose lock gulp-minify-css@^0.3.0 /Users/jamiepatel/.npm/97140670-gulp-minify-css-0-3-0.lock
56 verbose cache add name="gulp-rename" spec="^1.2.0" args=["gulp-rename","^1.2.0"]
57 verbose parsed url { protocol: null,
57 verbose parsed url   slashes: null,
57 verbose parsed url   auth: null,
57 verbose parsed url   host: null,
57 verbose parsed url   port: null,
57 verbose parsed url   hostname: null,
57 verbose parsed url   hash: null,
57 verbose parsed url   search: null,
57 verbose parsed url   query: null,
57 verbose parsed url   pathname: '^1.2.0',
57 verbose parsed url   path: '^1.2.0',
57 verbose parsed url   href: '^1.2.0' }
58 verbose addNamed [ 'gulp-rename', '^1.2.0' ]
59 verbose addNamed [ null, '>=1.2.0-0 <2.0.0-0' ]
60 silly lockFile 31cef36d-gulp-rename-1-2-0 gulp-rename@^1.2.0
61 verbose lock gulp-rename@^1.2.0 /Users/jamiepatel/.npm/31cef36d-gulp-rename-1-2-0.lock
62 verbose cache add name="pusher-angular" spec="latest" args=["pusher-angular","latest"]
63 verbose parsed url { protocol: null,
63 verbose parsed url   slashes: null,
63 verbose parsed url   auth: null,
63 verbose parsed url   host: null,
63 verbose parsed url   port: null,
63 verbose parsed url   hostname: null,
63 verbose parsed url   hash: null,
63 verbose parsed url   search: null,
63 verbose parsed url   query: null,
63 verbose parsed url   pathname: 'latest',
63 verbose parsed url   path: 'latest',
63 verbose parsed url   href: 'latest' }
64 verbose addNamed [ 'pusher-angular', 'latest' ]
65 verbose addNamed [ null, null ]
66 silly lockFile ad64f581-pusher-angular-latest pusher-angular@latest
67 verbose lock pusher-angular@latest /Users/jamiepatel/.npm/ad64f581-pusher-angular-latest.lock
68 verbose cache add [ 'gulp-util@^2.2.14', null ]
69 verbose cache add name=undefined spec="gulp-util@^2.2.14" args=["gulp-util@^2.2.14",null]
70 verbose parsed url { protocol: null,
70 verbose parsed url   slashes: null,
70 verbose parsed url   auth: null,
70 verbose parsed url   host: null,
70 verbose parsed url   port: null,
70 verbose parsed url   hostname: null,
70 verbose parsed url   hash: null,
70 verbose parsed url   search: null,
70 verbose parsed url   query: null,
70 verbose parsed url   pathname: 'gulp-util@^2.2.14',
70 verbose parsed url   path: 'gulp-util@^2.2.14',
70 verbose parsed url   href: 'gulp-util@^2.2.14' }
71 verbose cache add [ 'shelljs@^0.3.0', null ]
72 verbose cache add name=undefined spec="shelljs@^0.3.0" args=["shelljs@^0.3.0",null]
73 verbose parsed url { protocol: null,
73 verbose parsed url   slashes: null,
73 verbose parsed url   auth: null,
73 verbose parsed url   host: null,
73 verbose parsed url   port: null,
73 verbose parsed url   hostname: null,
73 verbose parsed url   hash: null,
73 verbose parsed url   search: null,
73 verbose parsed url   query: null,
73 verbose parsed url   pathname: 'shelljs@^0.3.0',
73 verbose parsed url   path: 'shelljs@^0.3.0',
73 verbose parsed url   href: 'shelljs@^0.3.0' }
74 verbose cache add name="bower" spec="^1.3.3" args=["bower","^1.3.3"]
75 verbose parsed url { protocol: null,
75 verbose parsed url   slashes: null,
75 verbose parsed url   auth: null,
75 verbose parsed url   host: null,
75 verbose parsed url   port: null,
75 verbose parsed url   hostname: null,
75 verbose parsed url   hash: null,
75 verbose parsed url   search: null,
75 verbose parsed url   query: null,
75 verbose parsed url   pathname: '^1.3.3',
75 verbose parsed url   path: '^1.3.3',
75 verbose parsed url   href: '^1.3.3' }
76 verbose addNamed [ 'bower', '^1.3.3' ]
77 verbose addNamed [ null, '>=1.3.3-0 <2.0.0-0' ]
78 silly lockFile 0aa5c27e-bower-1-3-3 bower@^1.3.3
79 verbose lock bower@^1.3.3 /Users/jamiepatel/.npm/0aa5c27e-bower-1-3-3.lock
80 verbose cache add name="gulp-util" spec="^2.2.14" args=["gulp-util","^2.2.14"]
81 verbose parsed url { protocol: null,
81 verbose parsed url   slashes: null,
81 verbose parsed url   auth: null,
81 verbose parsed url   host: null,
81 verbose parsed url   port: null,
81 verbose parsed url   hostname: null,
81 verbose parsed url   hash: null,
81 verbose parsed url   search: null,
81 verbose parsed url   query: null,
81 verbose parsed url   pathname: '^2.2.14',
81 verbose parsed url   path: '^2.2.14',
81 verbose parsed url   href: '^2.2.14' }
82 verbose addNamed [ 'gulp-util', '^2.2.14' ]
83 verbose addNamed [ null, '>=2.2.14-0 <3.0.0-0' ]
84 silly lockFile e3e5f16b-gulp-util-2-2-14 gulp-util@^2.2.14
85 verbose lock gulp-util@^2.2.14 /Users/jamiepatel/.npm/e3e5f16b-gulp-util-2-2-14.lock
86 verbose cache add name="shelljs" spec="^0.3.0" args=["shelljs","^0.3.0"]
87 verbose parsed url { protocol: null,
87 verbose parsed url   slashes: null,
87 verbose parsed url   auth: null,
87 verbose parsed url   host: null,
87 verbose parsed url   port: null,
87 verbose parsed url   hostname: null,
87 verbose parsed url   hash: null,
87 verbose parsed url   search: null,
87 verbose parsed url   query: null,
87 verbose parsed url   pathname: '^0.3.0',
87 verbose parsed url   path: '^0.3.0',
87 verbose parsed url   href: '^0.3.0' }
88 verbose addNamed [ 'shelljs', '^0.3.0' ]
89 verbose addNamed [ null, '>=0.3.0-0 <0.4.0-0' ]
90 silly lockFile 1ddaa962-shelljs-0-3-0 shelljs@^0.3.0
91 verbose lock shelljs@^0.3.0 /Users/jamiepatel/.npm/1ddaa962-shelljs-0-3-0.lock
92 silly addNameRange { name: 'gulp', range: '>=3.5.6-0 <4.0.0-0', hasData: false }
93 silly addNameRange { name: 'gulp-sass',
93 silly addNameRange   range: '>=0.7.1-0 <0.8.0-0',
93 silly addNameRange   hasData: false }
94 silly addNameRange { name: 'gulp-concat',
94 silly addNameRange   range: '>=2.2.0-0 <3.0.0-0',
94 silly addNameRange   hasData: false }
95 info addNameTag [ 'pusher-angular', 'latest' ]
96 silly addNameRange { name: 'gulp-rename',
96 silly addNameRange   range: '>=1.2.0-0 <2.0.0-0',
96 silly addNameRange   hasData: false }
97 silly addNameRange { name: 'gulp-minify-css',
97 silly addNameRange   range: '>=0.3.0-0 <0.4.0-0',
97 silly addNameRange   hasData: false }
98 silly addNameRange { name: 'bower', range: '>=1.3.3-0 <2.0.0-0', hasData: false }
99 verbose request where is /gulp
100 verbose request registry https://registry.npmjs.org/
101 verbose request id 0899c297c27424d0
102 verbose url raw /gulp
103 verbose url resolving [ 'https://registry.npmjs.org/', './gulp' ]
104 verbose url resolved https://registry.npmjs.org/gulp
105 verbose request where is https://registry.npmjs.org/gulp
106 info trying registry request attempt 1 at 11:44:14
107 http GET https://registry.npmjs.org/gulp
108 verbose request where is /gulp-sass
109 verbose request registry https://registry.npmjs.org/
110 verbose url raw /gulp-sass
111 verbose url resolving [ 'https://registry.npmjs.org/', './gulp-sass' ]
112 verbose url resolved https://registry.npmjs.org/gulp-sass
113 verbose request where is https://registry.npmjs.org/gulp-sass
114 info trying registry request attempt 1 at 11:44:14
115 http GET https://registry.npmjs.org/gulp-sass
116 verbose request where is /gulp-concat
117 verbose request registry https://registry.npmjs.org/
118 verbose url raw /gulp-concat
119 verbose url resolving [ 'https://registry.npmjs.org/', './gulp-concat' ]
120 verbose url resolved https://registry.npmjs.org/gulp-concat
121 verbose request where is https://registry.npmjs.org/gulp-concat
122 info trying registry request attempt 1 at 11:44:14
123 http GET https://registry.npmjs.org/gulp-concat
124 verbose request where is /pusher-angular
125 verbose request registry https://registry.npmjs.org/
126 verbose url raw /pusher-angular
127 verbose url resolving [ 'https://registry.npmjs.org/', './pusher-angular' ]
128 verbose url resolved https://registry.npmjs.org/pusher-angular
129 verbose request where is https://registry.npmjs.org/pusher-angular
130 info trying registry request attempt 1 at 11:44:14
131 http GET https://registry.npmjs.org/pusher-angular
132 verbose request where is /gulp-rename
133 verbose request registry https://registry.npmjs.org/
134 verbose url raw /gulp-rename
135 verbose url resolving [ 'https://registry.npmjs.org/', './gulp-rename' ]
136 verbose url resolved https://registry.npmjs.org/gulp-rename
137 verbose request where is https://registry.npmjs.org/gulp-rename
138 info trying registry request attempt 1 at 11:44:14
139 http GET https://registry.npmjs.org/gulp-rename
140 verbose request where is /gulp-minify-css
141 verbose request registry https://registry.npmjs.org/
142 verbose url raw /gulp-minify-css
143 verbose url resolving [ 'https://registry.npmjs.org/', './gulp-minify-css' ]
144 verbose url resolved https://registry.npmjs.org/gulp-minify-css
145 verbose request where is https://registry.npmjs.org/gulp-minify-css
146 info trying registry request attempt 1 at 11:44:14
147 http GET https://registry.npmjs.org/gulp-minify-css
148 silly addNameRange { name: 'gulp-util',
148 silly addNameRange   range: '>=2.2.14-0 <3.0.0-0',
148 silly addNameRange   hasData: false }
149 silly addNameRange { name: 'shelljs', range: '>=0.3.0-0 <0.4.0-0', hasData: false }
150 verbose request where is /gulp-util
151 verbose request registry https://registry.npmjs.org/
152 verbose url raw /gulp-util
153 verbose url resolving [ 'https://registry.npmjs.org/', './gulp-util' ]
154 verbose url resolved https://registry.npmjs.org/gulp-util
155 verbose request where is https://registry.npmjs.org/gulp-util
156 info trying registry request attempt 1 at 11:44:15
157 http GET https://registry.npmjs.org/gulp-util
158 verbose request where is /bower
159 verbose request registry https://registry.npmjs.org/
160 verbose url raw /bower
161 verbose url resolving [ 'https://registry.npmjs.org/', './bower' ]
162 verbose url resolved https://registry.npmjs.org/bower
163 verbose request where is https://registry.npmjs.org/bower
164 info trying registry request attempt 1 at 11:44:15
165 verbose etag "58G8JQS4VOY0IVDMK4TVWLXKD"
166 http GET https://registry.npmjs.org/bower
167 verbose request where is /shelljs
168 verbose request registry https://registry.npmjs.org/
169 verbose url raw /shelljs
170 verbose url resolving [ 'https://registry.npmjs.org/', './shelljs' ]
171 verbose url resolved https://registry.npmjs.org/shelljs
172 verbose request where is https://registry.npmjs.org/shelljs
173 info trying registry request attempt 1 at 11:44:15
174 verbose etag "214RN4E5C8RTKUDUYOC2E7RU3"
175 http GET https://registry.npmjs.org/shelljs
176 http 200 https://registry.npmjs.org/gulp-sass
177 silly registry.get cb [ 200,
177 silly registry.get   { date: 'Mon, 20 Oct 2014 10:44:16 GMT',
177 silly registry.get     server: 'CouchDB/1.5.0 (Erlang OTP/R16B03)',
177 silly registry.get     etag: '"C6953O2VR1KDOSXDNP32421X2"',
177 silly registry.get     'content-type': 'application/json',
177 silly registry.get     'cache-control': 'max-age=60',
177 silly registry.get     'content-length': '22232',
177 silly registry.get     'accept-ranges': 'bytes',
177 silly registry.get     via: '1.1 varnish',
177 silly registry.get     age: '53',
177 silly registry.get     'x-served-by': 'cache-ams4134-AMS',
177 silly registry.get     'x-cache': 'HIT',
177 silly registry.get     'x-cache-hits': '1',
177 silly registry.get     'x-timer': 'S1413801856.448859,VS0,VE0',
177 silly registry.get     vary: 'Accept',
177 silly registry.get     'keep-alive': 'timeout=10, max=50',
177 silly registry.get     connection: 'Keep-Alive' } ]
178 silly addNameRange number 2 { name: 'gulp-sass', range: '>=0.7.1-0 <0.8.0-0', hasData: true }
179 silly addNameRange versions [ 'gulp-sass',
179 silly addNameRange   [ '0.1.0',
179 silly addNameRange     '0.2.1',
179 silly addNameRange     '0.2.2',
179 silly addNameRange     '0.2.3',
179 silly addNameRange     '0.3.0',
179 silly addNameRange     '0.4.0',
179 silly addNameRange     '0.4.1',
179 silly addNameRange     '0.5.0',
179 silly addNameRange     '0.5.1',
179 silly addNameRange     '0.5.2',
179 silly addNameRange     '0.6.0',
179 silly addNameRange     '0.7.0',
179 silly addNameRange     '0.7.1',
179 silly addNameRange     '0.7.2',
179 silly addNameRange     '0.7.3',
179 silly addNameRange     '1.0.0',
179 silly addNameRange     '1.1.0',
179 silly addNameRange     '1.2.0' ] ]
180 verbose addNamed [ 'gulp-sass', '0.7.3' ]
181 verbose addNamed [ '0.7.3', '0.7.3' ]
182 silly lockFile 721f0c96-gulp-sass-0-7-3 gulp-sass@0.7.3
183 verbose lock gulp-sass@0.7.3 /Users/jamiepatel/.npm/721f0c96-gulp-sass-0-7-3.lock
184 silly lockFile d66f14f4-rg-gulp-sass-gulp-sass-0-7-3-tgz https://registry.npmjs.org/gulp-sass/-/gulp-sass-0.7.3.tgz
185 verbose lock https://registry.npmjs.org/gulp-sass/-/gulp-sass-0.7.3.tgz /Users/jamiepatel/.npm/d66f14f4-rg-gulp-sass-gulp-sass-0-7-3-tgz.lock
186 verbose addRemoteTarball [ 'https://registry.npmjs.org/gulp-sass/-/gulp-sass-0.7.3.tgz',
186 verbose addRemoteTarball   '4bfbb4e4d95a40be8beeebe07e8e477e7f7a2edc' ]
187 info retry fetch attempt 1 at 11:44:15
188 verbose fetch to= /var/folders/m_/pn2_v7bx6nz1q3m2fgz9jv540000gn/T/npm-35179-v1YgnHJ3/registry.npmjs.org/gulp-sass/-/gulp-sass-0.7.3.tgz
189 http GET https://registry.npmjs.org/gulp-sass/-/gulp-sass-0.7.3.tgz
190 http 200 https://registry.npmjs.org/gulp
191 silly registry.get cb [ 200,
191 silly registry.get   { date: 'Mon, 20 Oct 2014 10:44:16 GMT',
191 silly registry.get     server: 'CouchDB/1.5.0 (Erlang OTP/R16B03)',
191 silly registry.get     etag: '"2D9AIEPK9PN2E35HPAK3Y1KA8"',
191 silly registry.get     'content-type': 'application/json',
191 silly registry.get     'cache-control': 'max-age=60',
191 silly registry.get     'content-length': '91197',
191 silly registry.get     'accept-ranges': 'bytes',
191 silly registry.get     via: '1.1 varnish',
191 silly registry.get     age: '10',
191 silly registry.get     'x-served-by': 'cache-ams4133-AMS',
191 silly registry.get     'x-cache': 'HIT',
191 silly registry.get     'x-cache-hits': '1',
191 silly registry.get     'x-timer': 'S1413801856.441762,VS0,VE0',
191 silly registry.get     vary: 'Accept',
191 silly registry.get     'keep-alive': 'timeout=10, max=50',
191 silly registry.get     connection: 'Keep-Alive' } ]
192 silly addNameRange number 2 { name: 'gulp', range: '>=3.5.6-0 <4.0.0-0', hasData: true }
193 silly addNameRange versions [ 'gulp',
193 silly addNameRange   [ '0.0.1',
193 silly addNameRange     '0.0.2',
193 silly addNameRange     '0.0.3',
193 silly addNameRange     '0.0.4',
193 silly addNameRange     '0.0.5',
193 silly addNameRange     '0.0.7',
193 silly addNameRange     '0.0.8',
193 silly addNameRange     '0.0.9',
193 silly addNameRange     '0.1.0',
193 silly addNameRange     '0.2.0',
193 silly addNameRange     '1.0.0',
193 silly addNameRange     '1.1.0',
193 silly addNameRange     '1.2.0',
193 silly addNameRange     '1.2.1',
193 silly addNameRange     '2.0.0',
193 silly addNameRange     '2.0.1',
193 silly addNameRange     '2.1.0',
193 silly addNameRange     '2.2.0',
193 silly addNameRange     '2.3.0',
193 silly addNameRange     '2.4.0',
193 silly addNameRange     '2.4.1',
193 silly addNameRange     '2.6.0',
193 silly addNameRange     '2.6.1',
193 silly addNameRange     '2.7.0',
193 silly addNameRange     '3.0.0',
193 silly addNameRange     '3.1.1',
193 silly addNameRange     '3.1.2',
193 silly addNameRange     '3.1.3',
193 silly addNameRange     '3.1.4',
193 silly addNameRange     '3.2.0',
193 silly addNameRange     '3.2.1',
193 silly addNameRange     '3.2.2',
193 silly addNameRange     '3.2.3',
193 silly addNameRange     '3.2.4',
193 silly addNameRange     '3.2.5',
193 silly addNameRange     '3.3.0',
193 silly addNameRange     '3.3.1',
193 silly addNameRange     '3.3.2',
193 silly addNameRange     '3.3.4',
193 silly addNameRange     '3.4.0',
193 silly addNameRange     '3.5.0',
193 silly addNameRange     '3.5.1',
193 silly addNameRange     '3.5.2',
193 silly addNameRange     '3.5.5',
193 silly addNameRange     '3.5.6',
193 silly addNameRange     '3.6.0',
193 silly addNameRange     '3.6.1',
193 silly addNameRange     '3.6.2',
193 silly addNameRange     '3.7.0',
193 silly addNameRange     '3.8.0',
193 silly addNameRange     '3.8.1',
193 silly addNameRange     '3.8.2',
193 silly addNameRange     '3.8.3',
193 silly addNameRange     '3.8.4',
193 silly addNameRange     '3.8.5',
193 silly addNameRange     '3.8.6',
193 silly addNameRange     '3.8.7',
193 silly addNameRange     '3.8.8' ] ]
194 verbose addNamed [ 'gulp', '3.8.8' ]
195 verbose addNamed [ '3.8.8', '3.8.8' ]
196 silly lockFile 9f9512c0-gulp-3-8-8 gulp@3.8.8
197 verbose lock gulp@3.8.8 /Users/jamiepatel/.npm/9f9512c0-gulp-3-8-8.lock
198 silly lockFile f4c4d9a7-ry-npmjs-org-gulp-gulp-3-8-8-tgz https://registry.npmjs.org/gulp/-/gulp-3.8.8.tgz
199 verbose lock https://registry.npmjs.org/gulp/-/gulp-3.8.8.tgz /Users/jamiepatel/.npm/f4c4d9a7-ry-npmjs-org-gulp-gulp-3-8-8-tgz.lock
200 verbose addRemoteTarball [ 'https://registry.npmjs.org/gulp/-/gulp-3.8.8.tgz',
200 verbose addRemoteTarball   '0b0473e7cdfd04c785184513938397d4552cfe96' ]
201 info retry fetch attempt 1 at 11:44:15
202 verbose fetch to= /var/folders/m_/pn2_v7bx6nz1q3m2fgz9jv540000gn/T/npm-35179-v1YgnHJ3/registry.npmjs.org/gulp/-/gulp-3.8.8.tgz
203 http GET https://registry.npmjs.org/gulp/-/gulp-3.8.8.tgz
204 http 404 https://registry.npmjs.org/pusher-angular
205 verbose headers { date: 'Mon, 20 Oct 2014 10:44:16 GMT',
205 verbose headers   server: 'CouchDB/1.5.0 (Erlang OTP/R16B03)',
205 verbose headers   'content-type': 'application/json',
205 verbose headers   'cache-control': 'max-age=0',
205 verbose headers   'content-length': '52',
205 verbose headers   'accept-ranges': 'bytes',
205 verbose headers   via: '1.1 varnish',
205 verbose headers   age: '0',
205 verbose headers   'x-served-by': 'cache-ams4135-AMS',
205 verbose headers   'x-cache': 'MISS',
205 verbose headers   'x-cache-hits': '0',
205 verbose headers   'x-timer': 'S1413801856.439044,VS0,VE158',
205 verbose headers   'keep-alive': 'timeout=10, max=50',
205 verbose headers   connection: 'Keep-Alive' }
206 silly registry.get cb [ 404,
206 silly registry.get   { date: 'Mon, 20 Oct 2014 10:44:16 GMT',
206 silly registry.get     server: 'CouchDB/1.5.0 (Erlang OTP/R16B03)',
206 silly registry.get     'content-type': 'application/json',
206 silly registry.get     'cache-control': 'max-age=0',
206 silly registry.get     'content-length': '52',
206 silly registry.get     'accept-ranges': 'bytes',
206 silly registry.get     via: '1.1 varnish',
206 silly registry.get     age: '0',
206 silly registry.get     'x-served-by': 'cache-ams4135-AMS',
206 silly registry.get     'x-cache': 'MISS',
206 silly registry.get     'x-cache-hits': '0',
206 silly registry.get     'x-timer': 'S1413801856.439044,VS0,VE158',
206 silly registry.get     'keep-alive': 'timeout=10, max=50',
206 silly registry.get     connection: 'Keep-Alive' } ]
207 silly lockFile ad64f581-pusher-angular-latest pusher-angular@latest
208 silly lockFile ad64f581-pusher-angular-latest pusher-angular@latest
209 http 200 https://registry.npmjs.org/gulp-rename
210 silly registry.get cb [ 200,
210 silly registry.get   { date: 'Mon, 20 Oct 2014 10:44:16 GMT',
210 silly registry.get     server: 'CouchDB/1.5.0 (Erlang OTP/R16B03)',
210 silly registry.get     etag: '"F0DCVV44TRW62DL3FJ8MA1NMV"',
210 silly registry.get     'content-type': 'application/json',
210 silly registry.get     'cache-control': 'max-age=60',
210 silly registry.get     'content-length': '9723',
210 silly registry.get     'accept-ranges': 'bytes',
210 silly registry.get     via: '1.1 varnish',
210 silly registry.get     age: '0',
210 silly registry.get     'x-served-by': 'cache-ams4126-AMS',
210 silly registry.get     'x-cache': 'HIT',
210 silly registry.get     'x-cache-hits': '1',
210 silly registry.get     'x-timer': 'S1413801856.452093,VS0,VE158',
210 silly registry.get     vary: 'Accept',
210 silly registry.get     'keep-alive': 'timeout=10, max=50',
210 silly registry.get     connection: 'Keep-Alive' } ]
211 silly addNameRange number 2 { name: 'gulp-rename',
211 silly addNameRange   range: '>=1.2.0-0 <2.0.0-0',
211 silly addNameRange   hasData: true }
212 silly addNameRange versions [ 'gulp-rename',
212 silly addNameRange   [ '0.1.0', '0.2.1', '0.2.2', '1.0.0', '1.1.0', '1.2.0' ] ]
213 verbose addNamed [ 'gulp-rename', '1.2.0' ]
214 verbose addNamed [ '1.2.0', '1.2.0' ]
215 silly lockFile 5981c611-gulp-rename-1-2-0 gulp-rename@1.2.0
216 verbose lock gulp-rename@1.2.0 /Users/jamiepatel/.npm/5981c611-gulp-rename-1-2-0.lock
217 silly lockFile b4be9a05-ulp-rename-gulp-rename-1-2-0-tgz https://registry.npmjs.org/gulp-rename/-/gulp-rename-1.2.0.tgz
218 verbose lock https://registry.npmjs.org/gulp-rename/-/gulp-rename-1.2.0.tgz /Users/jamiepatel/.npm/b4be9a05-ulp-rename-gulp-rename-1-2-0-tgz.lock
219 verbose addRemoteTarball [ 'https://registry.npmjs.org/gulp-rename/-/gulp-rename-1.2.0.tgz',
219 verbose addRemoteTarball   '060394a09b085cf5d46fc48acdc5657f8fee9e4e' ]
220 info retry fetch attempt 1 at 11:44:15
221 verbose fetch to= /var/folders/m_/pn2_v7bx6nz1q3m2fgz9jv540000gn/T/npm-35179-v1YgnHJ3/registry.npmjs.org/gulp-rename/-/gulp-rename-1.2.0.tgz
222 http GET https://registry.npmjs.org/gulp-rename/-/gulp-rename-1.2.0.tgz
223 http 200 https://registry.npmjs.org/gulp-util
224 silly registry.get cb [ 200,
224 silly registry.get   { date: 'Mon, 20 Oct 2014 10:44:16 GMT',
224 silly registry.get     server: 'CouchDB/1.5.0 (Erlang OTP/R16B03)',
224 silly registry.get     etag: '"25D2R2FQSCD9H68SGK59EJL7B"',
224 silly registry.get     'content-type': 'application/json',
224 silly registry.get     'cache-control': 'max-age=60',
224 silly registry.get     'content-length': '49587',
224 silly registry.get     'accept-ranges': 'bytes',
224 silly registry.get     via: '1.1 varnish',
224 silly registry.get     age: '14',
224 silly registry.get     'x-served-by': 'cache-ams4133-AMS',
224 silly registry.get     'x-cache': 'HIT',
224 silly registry.get     'x-cache-hits': '1',
224 silly registry.get     'x-timer': 'S1413801856.607364,VS0,VE0',
224 silly registry.get     vary: 'Accept',
224 silly registry.get     'keep-alive': 'timeout=10, max=49',
224 silly registry.get     connection: 'Keep-Alive' } ]
225 silly addNameRange number 2 { name: 'gulp-util',
225 silly addNameRange   range: '>=2.2.14-0 <3.0.0-0',
225 silly addNameRange   hasData: true }
226 silly addNameRange versions [ 'gulp-util',
226 silly addNameRange   [ '0.0.1',
226 silly addNameRange     '1.0.0',
226 silly addNameRange     '1.1.0',
226 silly addNameRange     '1.1.1',
226 silly addNameRange     '1.2.0',
226 silly addNameRange     '1.3.0',
226 silly addNameRange     '2.0.0',
226 silly addNameRange     '2.1.1',
226 silly addNameRange     '2.1.2',
226 silly addNameRange     '2.1.3',
226 silly addNameRange     '2.1.4',
226 silly addNameRange     '2.2.0',
226 silly addNameRange     '2.2.1',
226 silly addNameRange     '2.2.2',
226 silly addNameRange     '2.2.3',
226 silly addNameRange     '2.2.5',
226 silly addNameRange     '2.2.6',
226 silly addNameRange     '2.2.7',
226 silly addNameRange     '2.2.8',
226 silly addNameRange     '2.2.9',
226 silly addNameRange     '2.2.10',
226 silly addNameRange     '2.2.11',
226 silly addNameRange     '2.2.12',
226 silly addNameRange     '2.2.13',
226 silly addNameRange     '2.2.14',
226 silly addNameRange     '2.2.15',
226 silly addNameRange     '2.2.16',
226 silly addNameRange     '2.2.17',
226 silly addNameRange     '2.2.18',
226 silly addNameRange     '2.2.19',
226 silly addNameRange     '2.2.20',
226 silly addNameRange     '3.0.0',
226 silly addNameRange     '3.0.1' ] ]
227 verbose addNamed [ 'gulp-util', '2.2.20' ]
228 verbose addNamed [ '2.2.20', '2.2.20' ]
229 silly lockFile 48c194cb-gulp-util-2-2-20 gulp-util@2.2.20
230 verbose lock gulp-util@2.2.20 /Users/jamiepatel/.npm/48c194cb-gulp-util-2-2-20.lock
231 http 304 https://registry.npmjs.org/shelljs
232 silly registry.get cb [ 304,
232 silly registry.get   { date: 'Mon, 20 Oct 2014 10:44:16 GMT',
232 silly registry.get     server: 'Apache',
232 silly registry.get     via: '1.1 varnish',
232 silly registry.get     'last-modified': 'Mon, 20 Oct 2014 10:43:46 GMT',
232 silly registry.get     'cache-control': 'max-age=60',
232 silly registry.get     etag: '"214RN4E5C8RTKUDUYOC2E7RU3"',
232 silly registry.get     age: '45',
232 silly registry.get     'x-served-by': 'cache-ams4126-AMS',
232 silly registry.get     'x-cache': 'HIT',
232 silly registry.get     'x-cache-hits': '2',
232 silly registry.get     'x-timer': 'S1413801856.656577,VS0,VE0',
232 silly registry.get     vary: 'Accept',
232 silly registry.get     'content-length': '0',
232 silly registry.get     'keep-alive': 'timeout=10, max=49',
232 silly registry.get     connection: 'Keep-Alive' } ]
233 verbose etag https://registry.npmjs.org/shelljs from cache
234 silly lockFile 34166e88-g-gulp-util-gulp-util-2-2-20-tgz https://registry.npmjs.org/gulp-util/-/gulp-util-2.2.20.tgz
235 verbose lock https://registry.npmjs.org/gulp-util/-/gulp-util-2.2.20.tgz /Users/jamiepatel/.npm/34166e88-g-gulp-util-gulp-util-2-2-20-tgz.lock
236 verbose addRemoteTarball [ 'https://registry.npmjs.org/gulp-util/-/gulp-util-2.2.20.tgz',
236 verbose addRemoteTarball   'd7146e5728910bd8f047a6b0b1e549bc22dbd64c' ]
237 silly addNameRange number 2 { name: 'shelljs', range: '>=0.3.0-0 <0.4.0-0', hasData: true }
238 silly addNameRange versions [ 'shelljs',
238 silly addNameRange   [ '0.0.1',
238 silly addNameRange     '0.0.2',
238 silly addNameRange     '0.0.3',
238 silly addNameRange     '0.0.4',
238 silly addNameRange     '0.0.5',
238 silly addNameRange     '0.0.6',
238 silly addNameRange     '0.0.7',
238 silly addNameRange     '0.0.8',
238 silly addNameRange     '0.0.9',
238 silly addNameRange     '0.1.0',
238 silly addNameRange     '0.1.1',
238 silly addNameRange     '0.1.2',
238 silly addNameRange     '0.1.3',
238 silly addNameRange     '0.1.4',
238 silly addNameRange     '0.2.0',
238 silly addNameRange     '0.2.1',
238 silly addNameRange     '0.2.2',
238 silly addNameRange     '0.2.3',
238 silly addNameRange     '0.2.4',
238 silly addNameRange     '0.2.5',
238 silly addNameRange     '0.2.6',
238 silly addNameRange     '0.3.0',
238 silly addNameRange     '0.0.1-alpha1',
238 silly addNameRange     '0.0.2-pre1',
238 silly addNameRange     '0.0.4-pre1',
238 silly addNameRange     '0.0.5-pre1',
238 silly addNameRange     '0.0.5-pre2',
238 silly addNameRange     '0.0.5-pre3',
238 silly addNameRange     '0.0.5-pre4',
238 silly addNameRange     '0.0.6-pre1',
238 silly addNameRange     '0.0.6-pre2' ] ]
239 verbose addNamed [ 'shelljs', '0.3.0' ]
240 verbose addNamed [ '0.3.0', '0.3.0' ]
241 silly lockFile 7d3918b1-shelljs-0-3-0 shelljs@0.3.0
242 verbose lock shelljs@0.3.0 /Users/jamiepatel/.npm/7d3918b1-shelljs-0-3-0.lock
243 info retry fetch attempt 1 at 11:44:15
244 verbose fetch to= /var/folders/m_/pn2_v7bx6nz1q3m2fgz9jv540000gn/T/npm-35179-v1YgnHJ3/registry.npmjs.org/gulp-util/-/gulp-util-2.2.20.tgz
245 http GET https://registry.npmjs.org/gulp-util/-/gulp-util-2.2.20.tgz
246 silly lockFile 7d3918b1-shelljs-0-3-0 shelljs@0.3.0
247 silly lockFile 7d3918b1-shelljs-0-3-0 shelljs@0.3.0
248 silly lockFile 1ddaa962-shelljs-0-3-0 shelljs@^0.3.0
249 silly lockFile 1ddaa962-shelljs-0-3-0 shelljs@^0.3.0
250 http 200 https://registry.npmjs.org/gulp-sass/-/gulp-sass-0.7.3.tgz
251 silly lockFile d66f14f4-rg-gulp-sass-gulp-sass-0-7-3-tgz https://registry.npmjs.org/gulp-sass/-/gulp-sass-0.7.3.tgz
252 silly lockFile d66f14f4-rg-gulp-sass-gulp-sass-0-7-3-tgz https://registry.npmjs.org/gulp-sass/-/gulp-sass-0.7.3.tgz
253 silly lockFile 721f0c96-gulp-sass-0-7-3 gulp-sass@0.7.3
254 silly lockFile 721f0c96-gulp-sass-0-7-3 gulp-sass@0.7.3
255 silly lockFile 77100620-gulp-sass-0-7-1 gulp-sass@^0.7.1
256 silly lockFile 77100620-gulp-sass-0-7-1 gulp-sass@^0.7.1
257 http 200 https://registry.npmjs.org/gulp-minify-css
258 silly registry.get cb [ 200,
258 silly registry.get   { date: 'Mon, 20 Oct 2014 10:44:16 GMT',
258 silly registry.get     server: 'CouchDB/1.5.0 (Erlang OTP/R16B03)',
258 silly registry.get     etag: '"4BS6WR51029LCEHF8JHW1I7RR"',
258 silly registry.get     'content-type': 'application/json',
258 silly registry.get     'cache-control': 'max-age=60',
258 silly registry.get     'content-length': '21898',
258 silly registry.get     'accept-ranges': 'bytes',
258 silly registry.get     via: '1.1 varnish',
258 silly registry.get     age: '0',
258 silly registry.get     'x-served-by': 'cache-ams4134-AMS',
258 silly registry.get     'x-cache': 'HIT',
258 silly registry.get     'x-cache-hits': '1',
258 silly registry.get     'x-timer': 'S1413801856.569568,VS0,VE93',
258 silly registry.get     vary: 'Accept',
258 silly registry.get     'keep-alive': 'timeout=10, max=49',
258 silly registry.get     connection: 'Keep-Alive' } ]
259 silly addNameRange number 2 { name: 'gulp-minify-css',
259 silly addNameRange   range: '>=0.3.0-0 <0.4.0-0',
259 silly addNameRange   hasData: true }
260 silly addNameRange versions [ 'gulp-minify-css',
260 silly addNameRange   [ '0.0.1',
260 silly addNameRange     '0.1.0',
260 silly addNameRange     '0.2.0',
260 silly addNameRange     '0.3.0',
260 silly addNameRange     '0.3.1',
260 silly addNameRange     '0.3.2',
260 silly addNameRange     '0.3.3',
260 silly addNameRange     '0.3.4',
260 silly addNameRange     '0.3.5',
260 silly addNameRange     '0.3.6',
260 silly addNameRange     '0.3.7',
260 silly addNameRange     '0.3.8',
260 silly addNameRange     '0.3.9',
260 silly addNameRange     '0.3.10',
260 silly addNameRange     '0.3.11' ] ]
261 verbose addNamed [ 'gulp-minify-css', '0.3.11' ]
262 verbose addNamed [ '0.3.11', '0.3.11' ]
263 silly lockFile 45873031-gulp-minify-css-0-3-11 gulp-minify-css@0.3.11
264 verbose lock gulp-minify-css@0.3.11 /Users/jamiepatel/.npm/45873031-gulp-minify-css-0-3-11.lock
265 silly lockFile ae01cb9a-y-css-gulp-minify-css-0-3-11-tgz https://registry.npmjs.org/gulp-minify-css/-/gulp-minify-css-0.3.11.tgz
266 verbose lock https://registry.npmjs.org/gulp-minify-css/-/gulp-minify-css-0.3.11.tgz /Users/jamiepatel/.npm/ae01cb9a-y-css-gulp-minify-css-0-3-11-tgz.lock
267 verbose addRemoteTarball [ 'https://registry.npmjs.org/gulp-minify-css/-/gulp-minify-css-0.3.11.tgz',
267 verbose addRemoteTarball   'e2133aaacb09e8ac439e2e398483cde35e323b76' ]
268 info retry fetch attempt 1 at 11:44:15
269 verbose fetch to= /var/folders/m_/pn2_v7bx6nz1q3m2fgz9jv540000gn/T/npm-35179-v1YgnHJ3/registry.npmjs.org/gulp-minify-css/-/gulp-minify-css-0.3.11.tgz
270 http GET https://registry.npmjs.org/gulp-minify-css/-/gulp-minify-css-0.3.11.tgz
271 http 200 https://registry.npmjs.org/gulp/-/gulp-3.8.8.tgz
272 silly lockFile f4c4d9a7-ry-npmjs-org-gulp-gulp-3-8-8-tgz https://registry.npmjs.org/gulp/-/gulp-3.8.8.tgz
273 silly lockFile f4c4d9a7-ry-npmjs-org-gulp-gulp-3-8-8-tgz https://registry.npmjs.org/gulp/-/gulp-3.8.8.tgz
274 silly lockFile 9f9512c0-gulp-3-8-8 gulp@3.8.8
275 silly lockFile 9f9512c0-gulp-3-8-8 gulp@3.8.8
276 silly lockFile 28ac0b1b-gulp-3-5-6 gulp@^3.5.6
277 silly lockFile 28ac0b1b-gulp-3-5-6 gulp@^3.5.6
278 http 200 https://registry.npmjs.org/bower
279 silly registry.get cb [ 200,
279 silly registry.get   { date: 'Mon, 20 Oct 2014 10:44:16 GMT',
279 silly registry.get     server: 'CouchDB/1.5.0 (Erlang OTP/R16B03)',
279 silly registry.get     etag: '"5IH3YVKIZ3VMGKRZP2FHQWVQM"',
279 silly registry.get     'content-type': 'application/json',
279 silly registry.get     'cache-control': 'max-age=60',
279 silly registry.get     'content-length': '105338',
279 silly registry.get     'accept-ranges': 'bytes',
279 silly registry.get     via: '1.1 varnish',
279 silly registry.get     age: '25',
279 silly registry.get     'x-served-by': 'cache-ams4135-AMS',
279 silly registry.get     'x-cache': 'HIT',
279 silly registry.get     'x-cache-hits': '1',
279 silly registry.get     'x-timer': 'S1413801856.636252,VS0,VE0',
279 silly registry.get     vary: 'Accept',
279 silly registry.get     'keep-alive': 'timeout=10, max=49',
279 silly registry.get     connection: 'Keep-Alive' } ]
280 silly addNameRange number 2 { name: 'bower', range: '>=1.3.3-0 <2.0.0-0', hasData: true }
281 silly addNameRange versions [ 'bower',
281 silly addNameRange   [ '0.1.0',
281 silly addNameRange     '0.1.2',
281 silly addNameRange     '0.1.3',
281 silly addNameRange     '0.2.0',
281 silly addNameRange     '0.3.0',
281 silly addNameRange     '0.3.1',
281 silly addNameRange     '0.3.2',
281 silly addNameRange     '0.4.0',
281 silly addNameRange     '0.5.0',
281 silly addNameRange     '0.5.1',
281 silly addNameRange     '0.6.0',
281 silly addNameRange     '0.6.1',
281 silly addNameRange     '0.6.2',
281 silly addNameRange     '0.6.3',
281 silly addNameRange     '0.6.4',
281 silly addNameRange     '0.6.5',
281 silly addNameRange     '0.6.6',
281 silly addNameRange     '0.6.7',
281 silly addNameRange     '0.6.8',
281 silly addNameRange     '0.7.0',
281 silly addNameRange     '0.7.1',
281 silly addNameRange     '0.8.0',
281 silly addNameRange     '0.8.1',
281 silly addNameRange     '0.8.2',
281 silly addNameRange     '0.8.3',
281 silly addNameRange     '0.8.4',
281 silly addNameRange     '0.8.5',
281 silly addNameRange     '0.8.6',
281 silly addNameRange     '0.9.0',
281 silly addNameRange     '0.9.1',
281 silly addNameRange     '0.9.2',
281 silly addNameRange     '0.10.0',
281 silly addNameRange     '1.0.0',
281 silly addNameRange     '1.0.1',
281 silly addNameRange     '1.0.2',
281 silly addNameRange     '1.0.3',
281 silly addNameRange     '1.1.0',
281 silly addNameRange     '1.1.1',
281 silly addNameRange     '1.1.2',
281 silly addNameRange     '1.2.0',
281 silly addNameRange     '1.2.1',
281 silly addNameRange     '1.2.2',
281 silly addNameRange     '1.2.3',
281 silly addNameRange     '1.2.4',
281 silly addNameRange     '1.2.5',
281 silly addNameRange     '1.2.6',
281 silly addNameRange     '1.2.7',
281 silly addNameRange     '1.2.8',
281 silly addNameRange     '1.3.0',
281 silly addNameRange     '1.3.1',
281 silly addNameRange     '1.3.2',
281 silly addNameRange     '1.3.3',
281 silly addNameRange     '1.3.4',
281 silly addNameRange     '1.3.5',
281 silly addNameRange     '1.3.6',
281 silly addNameRange     '1.3.7',
281 silly addNameRange     '1.3.8',
281 silly addNameRange     '1.3.9',
281 silly addNameRange     '1.3.10',
281 silly addNameRange     '1.3.11',
281 silly addNameRange     '1.3.12' ] ]
282 verbose addNamed [ 'bower', '1.3.12' ]
283 verbose addNamed [ '1.3.12', '1.3.12' ]
284 silly lockFile 9819431c-bower-1-3-12 bower@1.3.12
285 verbose lock bower@1.3.12 /Users/jamiepatel/.npm/9819431c-bower-1-3-12.lock
286 silly lockFile 9819431c-bower-1-3-12 bower@1.3.12
287 silly lockFile 9819431c-bower-1-3-12 bower@1.3.12
288 silly lockFile 0aa5c27e-bower-1-3-3 bower@^1.3.3
289 silly lockFile 0aa5c27e-bower-1-3-3 bower@^1.3.3
290 http 200 https://registry.npmjs.org/gulp-rename/-/gulp-rename-1.2.0.tgz
291 silly lockFile b4be9a05-ulp-rename-gulp-rename-1-2-0-tgz https://registry.npmjs.org/gulp-rename/-/gulp-rename-1.2.0.tgz
292 silly lockFile b4be9a05-ulp-rename-gulp-rename-1-2-0-tgz https://registry.npmjs.org/gulp-rename/-/gulp-rename-1.2.0.tgz
293 silly lockFile 5981c611-gulp-rename-1-2-0 gulp-rename@1.2.0
294 silly lockFile 5981c611-gulp-rename-1-2-0 gulp-rename@1.2.0
295 silly lockFile 31cef36d-gulp-rename-1-2-0 gulp-rename@^1.2.0
296 silly lockFile 31cef36d-gulp-rename-1-2-0 gulp-rename@^1.2.0
297 http 200 https://registry.npmjs.org/gulp-util/-/gulp-util-2.2.20.tgz
298 silly lockFile 34166e88-g-gulp-util-gulp-util-2-2-20-tgz https://registry.npmjs.org/gulp-util/-/gulp-util-2.2.20.tgz
299 silly lockFile 34166e88-g-gulp-util-gulp-util-2-2-20-tgz https://registry.npmjs.org/gulp-util/-/gulp-util-2.2.20.tgz
300 silly lockFile 48c194cb-gulp-util-2-2-20 gulp-util@2.2.20
301 silly lockFile 48c194cb-gulp-util-2-2-20 gulp-util@2.2.20
302 silly lockFile e3e5f16b-gulp-util-2-2-14 gulp-util@^2.2.14
303 silly lockFile e3e5f16b-gulp-util-2-2-14 gulp-util@^2.2.14
304 http 200 https://registry.npmjs.org/gulp-minify-css/-/gulp-minify-css-0.3.11.tgz
305 silly lockFile ae01cb9a-y-css-gulp-minify-css-0-3-11-tgz https://registry.npmjs.org/gulp-minify-css/-/gulp-minify-css-0.3.11.tgz
306 silly lockFile ae01cb9a-y-css-gulp-minify-css-0-3-11-tgz https://registry.npmjs.org/gulp-minify-css/-/gulp-minify-css-0.3.11.tgz
307 silly lockFile 45873031-gulp-minify-css-0-3-11 gulp-minify-css@0.3.11
308 silly lockFile 45873031-gulp-minify-css-0-3-11 gulp-minify-css@0.3.11
309 silly lockFile 97140670-gulp-minify-css-0-3-0 gulp-minify-css@^0.3.0
310 silly lockFile 97140670-gulp-minify-css-0-3-0 gulp-minify-css@^0.3.0
311 http 200 https://registry.npmjs.org/gulp-concat
312 silly registry.get cb [ 200,
312 silly registry.get   { date: 'Mon, 20 Oct 2014 10:44:16 GMT',
312 silly registry.get     server: 'CouchDB/1.5.0 (Erlang OTP/R14B04)',
312 silly registry.get     etag: '"2EJ7QHKBL7NCRW26IELAKA638"',
312 silly registry.get     'content-type': 'application/json',
312 silly registry.get     'cache-control': 'max-age=60',
312 silly registry.get     'content-length': '27101',
312 silly registry.get     'accept-ranges': 'bytes',
312 silly registry.get     via: '1.1 varnish',
312 silly registry.get     age: '0',
312 silly registry.get     'x-served-by': 'cache-ams4124-AMS',
312 silly registry.get     'x-cache': 'MISS',
312 silly registry.get     'x-cache-hits': '0',
312 silly registry.get     'x-timer': 'S1413801856.446089,VS0,VE470',
312 silly registry.get     vary: 'Accept',
312 silly registry.get     'keep-alive': 'timeout=10, max=50',
312 silly registry.get     connection: 'Keep-Alive' } ]
313 silly addNameRange number 2 { name: 'gulp-concat',
313 silly addNameRange   range: '>=2.2.0-0 <3.0.0-0',
313 silly addNameRange   hasData: true }
314 silly addNameRange versions [ 'gulp-concat',
314 silly addNameRange   [ '0.0.1',
314 silly addNameRange     '1.0.0',
314 silly addNameRange     '1.1.0',
314 silly addNameRange     '2.0.0',
314 silly addNameRange     '2.1.0',
314 silly addNameRange     '2.1.1',
314 silly addNameRange     '2.1.2',
314 silly addNameRange     '2.1.3',
314 silly addNameRange     '2.1.4',
314 silly addNameRange     '2.1.5',
314 silly addNameRange     '2.1.6',
314 silly addNameRange     '2.1.7',
314 silly addNameRange     '2.2.0',
314 silly addNameRange     '2.3.0',
314 silly addNameRange     '2.3.3',
314 silly addNameRange     '2.3.4',
314 silly addNameRange     '2.3.5',
314 silly addNameRange     '2.4.0',
314 silly addNameRange     '2.4.1' ] ]
315 verbose addNamed [ 'gulp-concat', '2.4.1' ]
316 verbose addNamed [ '2.4.1', '2.4.1' ]
317 silly lockFile 248ae42e-gulp-concat-2-4-1 gulp-concat@2.4.1
318 verbose lock gulp-concat@2.4.1 /Users/jamiepatel/.npm/248ae42e-gulp-concat-2-4-1.lock
319 silly lockFile 86ce1ad4-ulp-concat-gulp-concat-2-4-1-tgz https://registry.npmjs.org/gulp-concat/-/gulp-concat-2.4.1.tgz
320 verbose lock https://registry.npmjs.org/gulp-concat/-/gulp-concat-2.4.1.tgz /Users/jamiepatel/.npm/86ce1ad4-ulp-concat-gulp-concat-2-4-1-tgz.lock
321 verbose addRemoteTarball [ 'https://registry.npmjs.org/gulp-concat/-/gulp-concat-2.4.1.tgz',
321 verbose addRemoteTarball   '3097eb348a306708f400cf86cfb7d03ca5a55c94' ]
322 info retry fetch attempt 1 at 11:44:16
323 verbose fetch to= /var/folders/m_/pn2_v7bx6nz1q3m2fgz9jv540000gn/T/npm-35179-v1YgnHJ3/registry.npmjs.org/gulp-concat/-/gulp-concat-2.4.1.tgz
324 http GET https://registry.npmjs.org/gulp-concat/-/gulp-concat-2.4.1.tgz
325 http 200 https://registry.npmjs.org/gulp-concat/-/gulp-concat-2.4.1.tgz
326 silly lockFile 86ce1ad4-ulp-concat-gulp-concat-2-4-1-tgz https://registry.npmjs.org/gulp-concat/-/gulp-concat-2.4.1.tgz
327 silly lockFile 86ce1ad4-ulp-concat-gulp-concat-2-4-1-tgz https://registry.npmjs.org/gulp-concat/-/gulp-concat-2.4.1.tgz
328 silly lockFile 248ae42e-gulp-concat-2-4-1 gulp-concat@2.4.1
329 silly lockFile 248ae42e-gulp-concat-2-4-1 gulp-concat@2.4.1
330 silly lockFile bade1119-gulp-concat-2-2-0 gulp-concat@^2.2.0
331 silly lockFile bade1119-gulp-concat-2-2-0 gulp-concat@^2.2.0
332 error 404 404 Not Found: pusher-angular
332 error 404
332 error 404 'pusher-angular' is not in the npm registry.
332 error 404 You should bug the author to publish it
332 error 404 It was specified as a dependency of 'pusherapp'
332 error 404
332 error 404 Note that you can also install from a
332 error 404 tarball, folder, or http url, or git url.
333 error System Darwin 13.3.0
334 error command "/usr/local/opt/nvm/v0.10.32/bin/node" "/usr/local/opt/nvm/v0.10.32/bin/npm" "install"
335 error cwd /Users/jamiepatel/Desktop/projects/pusherApp
336 error node -v v0.10.32
337 error npm -v 1.4.28
338 error code E404
339 verbose exit [ 1, true ]
